<?xml version="1.0" encoding="UTF-8" standalone="no"?><?xml-stylesheet type="text/xsl" href="../lib/xsl/abstr.xsl"?><abstr><astnode id="280" label="Nodes&lt;Defn&gt;"><location loc="4.1 - 70.5"/><astnode id="1" label="TypDefn" name="test_type"><location loc="4.1 - 4.19"/><astnode id="0" label="AtomType" name="INT"><location loc="4.17 - 4.19"/></astnode></astnode><astnode id="3" label="VarDefn" name="test_var"><location loc="5.1 - 5.24"/><astnode id="2" label="NameType" name="test_type"><location loc="5.16 - 5.24"/></astnode></astnode><astnode id="5" label="ExtFunDefn" name="empty"><location loc="8.1 - 8.17"/><astnode id="6" label="Nodes&lt;ParDefn&gt;"><location loc="0.0 - 0.0"/></astnode><astnode id="4" label="AtomType" name="INT"><location loc="8.15 - 8.17"/></astnode></astnode><astnode id="11" label="ExtFunDefn" name="partial"><location loc="9.1 - 9.36"/><astnode id="12" label="Nodes&lt;ParDefn&gt;"><location loc="9.13 - 9.28"/><astnode id="8" label="ParDefn" name="testparam1"><location loc="9.13 - 9.28"/><astnode id="7" label="AtomType" name="INT"><location loc="9.26 - 9.28"/></astnode></astnode></astnode><astnode id="10" label="AtomType" name="CHAR"><location loc="9.33 - 9.36"/></astnode></astnode><astnode id="20" label="ExtFunDefn" name="multiple"><location loc="10.1 - 10.62"/><astnode id="21" label="Nodes&lt;ParDefn&gt;"><location loc="10.14 - 10.54"/><astnode id="14" label="ParDefn" name="testparam1"><location loc="10.14 - 10.30"/><astnode id="13" label="AtomType" name="CHAR"><location loc="10.27 - 10.30"/></astnode></astnode><astnode id="17" label="ParDefn" name="testparam2"><location loc="10.33 - 10.54"/><astnode id="16" label="NameType" name="test_type"><location loc="10.46 - 10.54"/></astnode></astnode></astnode><astnode id="19" label="AtomType" name="VOID"><location loc="10.59 - 10.62"/></astnode></astnode><astnode id="100" label="DefFunDefn" name="main"><location loc="13.1 - 35.7"/><astnode id="101" label="Nodes&lt;ParDefn&gt;"><location loc="0.0 - 0.0"/></astnode><astnode id="102" label="Nodes&lt;Stmt&gt;"><location loc="15.5 - 35.7"/><astnode id="26" label="ExprStmt"><location loc="15.5 - 15.6"/><astnode id="25" label="AtomExpr" name="20"><location loc="15.5 - 15.6"/></astnode></astnode><astnode id="31" label="AssignStmt"><location loc="16.5 - 16.20"/><astnode id="27" label="NameExpr" name="test_var"><location loc="16.5 - 16.12"/></astnode><astnode id="30" label="BinExpr" name="ADD"><location loc="16.16 - 16.20"/><astnode id="28" label="NameExpr" name="a"><location loc="16.16 - 16.16"/></astnode><astnode id="29" label="NameExpr" name="b"><location loc="16.20 - 16.20"/></astnode></astnode></astnode><astnode id="37" label="ReturnStmt"><location loc="17.5 - 17.20"/><astnode id="36" label="BinExpr" name="OR"><location loc="17.12 - 17.20"/><astnode id="32" label="NameExpr" name="x"><location loc="17.12 - 17.12"/></astnode><astnode id="35" label="BinExpr" name="AND"><location loc="17.16 - 17.20"/><astnode id="33" label="NameExpr" name="y"><location loc="17.16 - 17.16"/></astnode><astnode id="34" label="NameExpr" name="s"><location loc="17.20 - 17.20"/></astnode></astnode></astnode></astnode><astnode id="46" label="WhileStmt"><location loc="19.5 - 22.7"/><astnode id="38" label="AtomExpr" name="true"><location loc="19.11 - 19.14"/></astnode><astnode id="47" label="Nodes&lt;Stmt&gt;"><location loc="20.9 - 21.13"/><astnode id="41" label="ExprStmt"><location loc="20.9 - 20.16"/><astnode id="40" label="NameExpr" name="test_var"><location loc="20.9 - 20.16"/></astnode></astnode><astnode id="44" label="AssignStmt"><location loc="21.9 - 21.13"/><astnode id="42" label="NameExpr" name="a"><location loc="21.9 - 21.9"/></astnode><astnode id="43" label="NameExpr" name="b"><location loc="21.13 - 21.13"/></astnode></astnode></astnode></astnode><astnode id="50" label="IfThenStmt"><location loc="24.5 - 24.20"/><astnode id="48" label="AtomExpr" name="true"><location loc="24.8 - 24.11"/></astnode><astnode id="51" label="Nodes&lt;Stmt&gt;"><location loc="0.0 - 0.0"/></astnode></astnode><astnode id="61" label="IfThenStmt"><location loc="25.5 - 25.28"/><astnode id="52" label="AtomExpr" name="true"><location loc="25.8 - 25.11"/></astnode><astnode id="62" label="Nodes&lt;Stmt&gt;"><location loc="25.18 - 25.24"/><astnode id="55" label="ExprStmt"><location loc="25.18 - 25.18"/><astnode id="54" label="AtomExpr" name="1"><location loc="25.18 - 25.18"/></astnode></astnode><astnode id="57" label="ExprStmt"><location loc="25.21 - 25.21"/><astnode id="56" label="AtomExpr" name="2"><location loc="25.21 - 25.21"/></astnode></astnode><astnode id="59" label="ExprStmt"><location loc="25.24 - 25.24"/><astnode id="58" label="AtomExpr" name="3"><location loc="25.24 - 25.24"/></astnode></astnode></astnode></astnode><astnode id="74" label="IfThenElseStmt"><location loc="27.5 - 27.33"/><astnode id="63" label="AtomExpr" name="false"><location loc="27.8 - 27.12"/></astnode><astnode id="75" label="Nodes&lt;Stmt&gt;"><location loc="27.19 - 27.22"/><astnode id="66" label="ExprStmt"><location loc="27.19 - 27.19"/><astnode id="65" label="NameExpr" name="a"><location loc="27.19 - 27.19"/></astnode></astnode><astnode id="68" label="ExprStmt"><location loc="27.22 - 27.22"/><astnode id="67" label="NameExpr" name="c"><location loc="27.22 - 27.22"/></astnode></astnode></astnode><astnode id="76" label="Nodes&lt;Stmt&gt;"><location loc="27.29 - 27.29"/><astnode id="72" label="ExprStmt"><location loc="27.29 - 27.29"/><astnode id="71" label="NameExpr" name="b"><location loc="27.29 - 27.29"/></astnode></astnode></astnode></astnode><astnode id="80" label="IfThenElseStmt"><location loc="28.5 - 28.26"/><astnode id="77" label="AtomExpr" name="false"><location loc="28.8 - 28.12"/></astnode><astnode id="81" label="Nodes&lt;Stmt&gt;"><location loc="0.0 - 0.0"/></astnode><astnode id="82" label="Nodes&lt;Stmt&gt;"><location loc="0.0 - 0.0"/></astnode></astnode><astnode id="96" label="LetStmt"><location loc="30.5 - 35.7"/><astnode id="97" label="Nodes&lt;Defn&gt;"><location loc="31.9 - 32.24"/><astnode id="84" label="TypDefn" name="test"><location loc="31.9 - 31.22"/><astnode id="83" label="AtomType" name="INT"><location loc="31.20 - 31.22"/></astnode></astnode><astnode id="86" label="ExtFunDefn" name="abc"><location loc="32.9 - 32.24"/><astnode id="87" label="Nodes&lt;ParDefn&gt;"><location loc="0.0 - 0.0"/></astnode><astnode id="85" label="AtomType" name="VOID"><location loc="32.21 - 32.24"/></astnode></astnode></astnode><astnode id="98" label="Nodes&lt;Stmt&gt;"><location loc="34.9 - 34.19"/><astnode id="90" label="ExprStmt"><location loc="34.9 - 34.12"/><astnode id="89" label="NameExpr" name="test"><location loc="34.9 - 34.12"/></astnode></astnode><astnode id="94" label="ExprStmt"><location loc="34.15 - 34.19"/><astnode id="92" label="CallExpr"><location loc="34.15 - 34.19"/><astnode id="91" label="NameExpr" name="abc"><location loc="34.15 - 34.17"/></astnode><astnode id="93" label="Nodes&lt;Expr&gt;"><location loc="0.0 - 0.0"/></astnode></astnode></astnode></astnode></astnode></astnode><astnode id="22" label="AtomType" name="VOID"><location loc="13.14 - 13.17"/></astnode></astnode><astnode id="104" label="VarDefn" name="a"><location loc="39.1 - 39.11"/><astnode id="103" label="AtomType" name="INT"><location loc="39.9 - 39.11"/></astnode></astnode><astnode id="106" label="VarDefn" name="a"><location loc="40.1 - 40.12"/><astnode id="105" label="AtomType" name="CHAR"><location loc="40.9 - 40.12"/></astnode></astnode><astnode id="108" label="VarDefn" name="a"><location loc="41.1 - 41.12"/><astnode id="107" label="AtomType" name="BOOL"><location loc="41.9 - 41.12"/></astnode></astnode><astnode id="110" label="VarDefn" name="a"><location loc="42.1 - 42.12"/><astnode id="109" label="AtomType" name="VOID"><location loc="42.9 - 42.12"/></astnode></astnode><astnode id="112" label="VarDefn" name="a"><location loc="43.1 - 43.9"/><astnode id="111" label="NameType" name="b"><location loc="43.9 - 43.9"/></astnode></astnode><astnode id="115" label="VarDefn" name="a"><location loc="44.1 - 44.16"/><astnode id="114" label="ArrType" name="ArrType[20]"><location loc="44.9 - 44.16"/><astnode id="113" label="AtomType" name="CHAR"><location loc="44.13 - 44.16"/></astnode></astnode></astnode><astnode id="118" label="VarDefn" name="a"><location loc="45.1 - 45.13"/><astnode id="117" label="PtrType"><location loc="45.9 - 45.13"/><astnode id="116" label="AtomType" name="VOID"><location loc="45.10 - 45.13"/></astnode></astnode></astnode><astnode id="130" label="VarDefn" name="a"><location loc="46.1 - 46.39"/><astnode id="128" label="StrType"><location loc="46.9 - 46.39"/><astnode id="129" label="Nodes&lt;CompDefn&gt;"><location loc="46.11 - 46.37"/><astnode id="121" label="CompDefn" name="b"><location loc="46.11 - 46.17"/><astnode id="119" label="AtomType" name="INT"><location loc="46.15 - 46.17"/></astnode></astnode><astnode id="124" label="CompDefn" name="c"><location loc="46.20 - 46.27"/><astnode id="122" label="AtomType" name="CHAR"><location loc="46.24 - 46.27"/></astnode></astnode><astnode id="127" label="CompDefn" name="d"><location loc="46.30 - 46.37"/><astnode id="125" label="NameType" name="test"><location loc="46.34 - 46.37"/></astnode></astnode></astnode></astnode></astnode><astnode id="142" label="VarDefn" name="a"><location loc="47.1 - 47.39"/><astnode id="140" label="UniType"><location loc="47.9 - 47.39"/><astnode id="141" label="Nodes&lt;CompDefn&gt;"><location loc="47.11 - 47.37"/><astnode id="133" label="CompDefn" name="b"><location loc="47.11 - 47.17"/><astnode id="131" label="AtomType" name="INT"><location loc="47.15 - 47.17"/></astnode></astnode><astnode id="136" label="CompDefn" name="c"><location loc="47.20 - 47.27"/><astnode id="134" label="AtomType" name="CHAR"><location loc="47.24 - 47.27"/></astnode></astnode><astnode id="139" label="CompDefn" name="d"><location loc="47.30 - 47.37"/><astnode id="137" label="NameType" name="test"><location loc="47.34 - 47.37"/></astnode></astnode></astnode></astnode></astnode><astnode id="151" label="VarDefn" name="a"><location loc="48.1 - 48.33"/><astnode id="149" label="FunType"><location loc="48.9 - 48.33"/><astnode id="150" label="Nodes&lt;Type&gt;"><location loc="48.11 - 48.25"/><astnode id="144" label="AtomType" name="INT"><location loc="48.11 - 48.13"/></astnode><astnode id="145" label="AtomType" name="CHAR"><location loc="48.16 - 48.19"/></astnode><astnode id="146" label="AtomType" name="VOID"><location loc="48.22 - 48.25"/></astnode></astnode><astnode id="148" label="AtomType" name="INT"><location loc="48.31 - 48.33"/></astnode></astnode></astnode><astnode id="156" label="VarDefn" name="a"><location loc="49.1 - 49.17"/><astnode id="154" label="FunType"><location loc="49.9 - 49.17"/><astnode id="155" label="Nodes&lt;Type&gt;"><location loc="0.0 - 0.0"/></astnode><astnode id="153" label="AtomType" name="VOID"><location loc="49.14 - 49.17"/></astnode></astnode></astnode><astnode id="277" label="DefFunDefn" name="expr"><location loc="52.1 - 70.5"/><astnode id="278" label="Nodes&lt;ParDefn&gt;"><location loc="0.0 - 0.0"/></astnode><astnode id="279" label="Nodes&lt;Stmt&gt;"><location loc="53.5 - 70.5"/><astnode id="161" label="ExprStmt"><location loc="53.5 - 53.6"/><astnode id="160" label="AtomExpr" name="20"><location loc="53.5 - 53.6"/></astnode></astnode><astnode id="163" label="ExprStmt"><location loc="54.5 - 54.7"/><astnode id="162" label="AtomExpr" name="'a'"><location loc="54.5 - 54.7"/></astnode></astnode><astnode id="165" label="ExprStmt"><location loc="55.5 - 55.9"/><astnode id="164" label="AtomExpr" name="&quot;abc&quot;"><location loc="55.5 - 55.9"/></astnode></astnode><astnode id="167" label="ExprStmt"><location loc="56.5 - 56.8"/><astnode id="166" label="AtomExpr" name="true"><location loc="56.5 - 56.8"/></astnode></astnode><astnode id="169" label="ExprStmt"><location loc="57.5 - 57.9"/><astnode id="168" label="AtomExpr" name="false"><location loc="57.5 - 57.9"/></astnode></astnode><astnode id="171" label="ExprStmt"><location loc="58.5 - 58.8"/><astnode id="170" label="AtomExpr" name="0"><location loc="58.5 - 58.8"/></astnode></astnode><astnode id="174" label="ExprStmt"><location loc="59.5 - 59.7"/><astnode id="173" label="PfxExpr" name="ADD"><location loc="59.5 - 59.7"/><astnode id="172" label="AtomExpr" name="1"><location loc="59.7 - 59.7"/></astnode></astnode></astnode><astnode id="177" label="ExprStmt"><location loc="59.10 - 59.12"/><astnode id="176" label="PfxExpr" name="SUB"><location loc="59.10 - 59.12"/><astnode id="175" label="AtomExpr" name="1"><location loc="59.12 - 59.12"/></astnode></astnode></astnode><astnode id="180" label="ExprStmt"><location loc="59.15 - 59.21"/><astnode id="179" label="PfxExpr" name="NOT"><location loc="59.15 - 59.21"/><astnode id="178" label="AtomExpr" name="false"><location loc="59.17 - 59.21"/></astnode></astnode></astnode><astnode id="220" label="ExprStmt"><location loc="61.5 - 61.85"/><astnode id="219" label="BinExpr" name="OR"><location loc="61.5 - 61.85"/><astnode id="203" label="BinExpr" name="OR"><location loc="61.5 - 61.52"/><astnode id="199" label="BinExpr" name="OR"><location loc="61.5 - 61.43"/><astnode id="195" label="BinExpr" name="OR"><location loc="61.5 - 61.35"/><astnode id="191" label="BinExpr" name="OR"><location loc="61.5 - 61.27"/><astnode id="187" label="BinExpr" name="OR"><location loc="61.5 - 61.18"/><astnode id="183" label="BinExpr" name="AND"><location loc="61.5 - 61.9"/><astnode id="181" label="AtomExpr" name="1"><location loc="61.5 - 61.5"/></astnode><astnode id="182" label="AtomExpr" name="1"><location loc="61.9 - 61.9"/></astnode></astnode><astnode id="186" label="BinExpr" name="EQU"><location loc="61.13 - 61.18"/><astnode id="184" label="AtomExpr" name="1"><location loc="61.13 - 61.13"/></astnode><astnode id="185" label="AtomExpr" name="1"><location loc="61.18 - 61.18"/></astnode></astnode></astnode><astnode id="190" label="BinExpr" name="NEQ"><location loc="61.22 - 61.27"/><astnode id="188" label="AtomExpr" name="1"><location loc="61.22 - 61.22"/></astnode><astnode id="189" label="AtomExpr" name="1"><location loc="61.27 - 61.27"/></astnode></astnode></astnode><astnode id="194" label="BinExpr" name="LTH"><location loc="61.31 - 61.35"/><astnode id="192" label="AtomExpr" name="1"><location loc="61.31 - 61.31"/></astnode><astnode id="193" label="AtomExpr" name="1"><location loc="61.35 - 61.35"/></astnode></astnode></astnode><astnode id="198" label="BinExpr" name="GTH"><location loc="61.39 - 61.43"/><astnode id="196" label="AtomExpr" name="1"><location loc="61.39 - 61.39"/></astnode><astnode id="197" label="AtomExpr" name="1"><location loc="61.43 - 61.43"/></astnode></astnode></astnode><astnode id="202" label="BinExpr" name="LEQ"><location loc="61.47 - 61.52"/><astnode id="200" label="AtomExpr" name="1"><location loc="61.47 - 61.47"/></astnode><astnode id="201" label="AtomExpr" name="1"><location loc="61.52 - 61.52"/></astnode></astnode></astnode><astnode id="218" label="BinExpr" name="GEQ"><location loc="61.56 - 61.85"/><astnode id="204" label="AtomExpr" name="1"><location loc="61.56 - 61.56"/></astnode><astnode id="217" label="BinExpr" name="SUB"><location loc="61.61 - 61.85"/><astnode id="215" label="BinExpr" name="ADD"><location loc="61.61 - 61.81"/><astnode id="213" label="BinExpr" name="MOD"><location loc="61.61 - 61.77"/><astnode id="211" label="BinExpr" name="MOD"><location loc="61.61 - 61.73"/><astnode id="209" label="BinExpr" name="DIV"><location loc="61.61 - 61.69"/><astnode id="207" label="BinExpr" name="MUL"><location loc="61.61 - 61.65"/><astnode id="205" label="AtomExpr" name="1"><location loc="61.61 - 61.61"/></astnode><astnode id="206" label="AtomExpr" name="1"><location loc="61.65 - 61.65"/></astnode></astnode><astnode id="208" label="AtomExpr" name="1"><location loc="61.69 - 61.69"/></astnode></astnode><astnode id="210" label="AtomExpr" name="1"><location loc="61.73 - 61.73"/></astnode></astnode><astnode id="212" label="AtomExpr" name="1"><location loc="61.77 - 61.77"/></astnode></astnode><astnode id="214" label="AtomExpr" name="1"><location loc="61.81 - 61.81"/></astnode></astnode><astnode id="216" label="AtomExpr" name="1"><location loc="61.85 - 61.85"/></astnode></astnode></astnode></astnode></astnode><astnode id="224" label="ExprStmt"><location loc="62.5 - 62.9"/><astnode id="223" label="ArrExpr"><location loc="62.5 - 62.9"/><astnode id="221" label="NameExpr" name="a"><location loc="62.5 - 62.5"/></astnode><astnode id="222" label="AtomExpr" name="10"><location loc="62.7 - 62.8"/></astnode></astnode></astnode><astnode id="228" label="ExprStmt"><location loc="62.12 - 62.17"/><astnode id="227" label="ArrExpr"><location loc="62.12 - 62.17"/><astnode id="225" label="AtomExpr" name="10"><location loc="62.12 - 62.13"/></astnode><astnode id="226" label="AtomExpr" name="10"><location loc="62.15 - 62.16"/></astnode></astnode></astnode><astnode id="232" label="ExprStmt"><location loc="62.20 - 62.23"/><astnode id="231" label="ArrExpr"><location loc="62.20 - 62.23"/><astnode id="229" label="NameExpr" name="a"><location loc="62.20 - 62.20"/></astnode><astnode id="230" label="NameExpr" name="a"><location loc="62.22 - 62.22"/></astnode></astnode></astnode><astnode id="236" label="ExprStmt"><location loc="62.26 - 62.35"/><astnode id="235" label="ArrExpr"><location loc="62.26 - 62.35"/><astnode id="233" label="AtomExpr" name="&quot;a1&quot;"><location loc="62.26 - 62.29"/></astnode><astnode id="234" label="AtomExpr" name="&quot;a2&quot;"><location loc="62.31 - 62.34"/></astnode></astnode></astnode><astnode id="239" label="ExprStmt"><location loc="63.5 - 63.8"/><astnode id="238" label="CompExpr" name=".a"><location loc="63.5 - 63.8"/><astnode id="237" label="AtomExpr" name="10"><location loc="63.5 - 63.6"/></astnode></astnode></astnode><astnode id="242" label="ExprStmt"><location loc="64.5 - 64.6"/><astnode id="241" label="SfxExpr" name="PTR"><location loc="64.5 - 64.6"/><astnode id="240" label="AtomExpr" name="1"><location loc="64.5 - 64.5"/></astnode></astnode></astnode><astnode id="245" label="ExprStmt"><location loc="65.5 - 65.10"/><astnode id="244" label="PfxExpr" name="PTR"><location loc="65.5 - 65.10"/><astnode id="243" label="NameExpr" name="abc"><location loc="65.6 - 65.10"/></astnode></astnode></astnode><astnode id="249" label="ExprStmt"><location loc="65.13 - 65.15"/><astnode id="248" label="PfxExpr" name="PTR"><location loc="65.13 - 65.15"/><astnode id="247" label="PfxExpr" name="PTR"><location loc="65.14 - 65.15"/><astnode id="246" label="NameExpr" name="a"><location loc="65.15 - 65.15"/></astnode></astnode></astnode></astnode><astnode id="253" label="ExprStmt"><location loc="66.5 - 66.11"/><astnode id="251" label="CallExpr"><location loc="66.5 - 66.11"/><astnode id="250" label="NameExpr" name="empty"><location loc="66.5 - 66.9"/></astnode><astnode id="252" label="Nodes&lt;Expr&gt;"><location loc="0.0 - 0.0"/></astnode></astnode></astnode><astnode id="258" label="ExprStmt"><location loc="66.14 - 66.30"/><astnode id="256" label="CallExpr"><location loc="66.14 - 66.30"/><astnode id="254" label="NameExpr" name="partial"><location loc="66.14 - 66.20"/></astnode><astnode id="257" label="Nodes&lt;Expr&gt;"><location loc="66.22 - 66.29"/><astnode id="255" label="NameExpr" name="test_var"><location loc="66.22 - 66.29"/></astnode></astnode></astnode></astnode><astnode id="264" label="ExprStmt"><location loc="66.33 - 66.44"/><astnode id="262" label="CallExpr"><location loc="66.33 - 66.44"/><astnode id="259" label="NameExpr" name="full"><location loc="66.33 - 66.36"/></astnode><astnode id="263" label="Nodes&lt;Expr&gt;"><location loc="66.38 - 66.43"/><astnode id="260" label="NameExpr" name="a1"><location loc="66.38 - 66.39"/></astnode><astnode id="261" label="NameExpr" name="a2"><location loc="66.42 - 66.43"/></astnode></astnode></astnode></astnode><astnode id="267" label="ExprStmt"><location loc="67.5 - 67.14"/><astnode id="266" label="SizeExpr"><location loc="67.5 - 67.14"/><astnode id="265" label="AtomType" name="INT"><location loc="67.12 - 67.14"/></astnode></astnode></astnode><astnode id="271" label="ExprStmt"><location loc="68.5 - 68.19"/><astnode id="270" label="CastExpr"><location loc="68.5 - 68.19"/><astnode id="268" label="NameExpr" name="test"><location loc="68.7 - 68.10"/></astnode><astnode id="269" label="AtomType" name="CHAR"><location loc="68.14 - 68.17"/></astnode></astnode></astnode><astnode id="273" label="ExprStmt"><location loc="69.5 - 69.11"/><astnode id="272" label="AtomExpr" name="123"><location loc="69.5 - 69.11"/></astnode></astnode><astnode id="275" label="ExprStmt"><location loc="70.5 - 70.5"/><astnode id="274" label="NameExpr" name="a"><location loc="70.5 - 70.5"/></astnode></astnode></astnode><astnode id="157" label="AtomType" name="VOID"><location loc="52.14 - 52.17"/></astnode></astnode></astnode></abstr>